<html>
<head>
<title>TestNG:  Run All Test Cases</title>
<link href="../testng.css" rel="stylesheet" type="text/css" />
<link href="../my-testng.css" rel="stylesheet" type="text/css" />

<style type="text/css">
.log { display: none;} 
.stack-trace { display: none;} 
</style>
<script type="text/javascript">
<!--
function flip(e) {
  current = e.style.display;
  if (current == 'block') {
    e.style.display = 'none';
    return 0;
  }
  else {
    e.style.display = 'block';
    return 1;
  }
}

function toggleBox(szDivId, elem, msg1, msg2)
{
  var res = -1;  if (document.getElementById) {
    res = flip(document.getElementById(szDivId));
  }
  else if (document.all) {
    // this is the way old msie versions work
    res = flip(document.all[szDivId]);
  }
  if(elem) {
    if(res == 0) elem.innerHTML = msg1; else elem.innerHTML = msg2;
  }

}

function toggleAllBoxes() {
  if (document.getElementsByTagName) {
    d = document.getElementsByTagName('div');
    for (i = 0; i < d.length; i++) {
      if (d[i].className == 'log') {
        flip(d[i]);
      }
    }
  }
}

// -->
</script>

</head>
<body>
<h2 align='center'>Run All Test Cases</h2><table border='1' align="center">
<tr>
<td>Tests passed/Failed/Skipped:</td><td>13/3/0</td>
</tr><tr>
<td>Started on:</td><td>Wed Mar 19 03:02:58 IST 2025</td>
</tr>
<tr><td>Total time:</td><td>264 seconds (264294 ms)</td>
</tr><tr>
<td>Included groups:</td><td></td>
</tr><tr>
<td>Excluded groups:</td><td></td>
</tr>
</table><p/>
<small><i>(Hover the method name to see the test class name)</i></small><p/>
<table width='100%' border='1' class='invocation-failed'>
<tr><td colspan='4' align='center'><b>FAILED TESTS</b></td></tr>
<tr><td><b>Test method</b></td>
<td width="30%"><b>Exception</b></td>
<td width="10%"><b>Time (seconds)</b></td>
<td><b>Instance</b></td>
</tr>
<tr>
<td title='runners.InvalidLoginRunner.runScenario()'><b>runScenario</b><br>Test class: runners.InvalidLoginRunner<br>Test method: Runs Cucumber Scenarios<br>Parameters: "User enters incorrect credentials", "Invalid Login"</td>
<td><div><pre>io.cucumber.core.runner.DuplicateStepDefinitionException: Duplicate step definitions in stepDefinitions.accountSummary_TC6.ValidateAccountBalancesSteps_TC6.user_navigates_to_transfer_funds() and stepDefinitions.CommonSteps.user_navigates_to_transfer_funds_for_balance_validation()
	at io.cucumber.core.runner.CachingGlue.lambda$prepareGlue$3(CachingGlue.java:278)
	at java.base/java.util.ArrayList.forEach(ArrayList.java:1596)
	at io.cucumber.core.runner.CachingGlue.prepareGlue(CachingGlue.java:272)
	at io.cucumber.core.runner.Runner.runPickle(Runner.java:72)
	at io.cucumber.testng.TestNGCucumberRunner.lambda$runScenario$1(TestNGCucumberRunner.java:132)
	at io.cucumber.core.runtime.CucumberExecutionContext.lambda$runTestCase$5(CucumberExecutionContext.java:137)
	at io.cucumber.core.runtime.RethrowingThrowableCollector.executeAndThrow(RethrowingThrowableCollector.java:23)
	at io.cucumber.core.runtime.CucumberExecutionContext.runTestCase(CucumberExecutionContext.java:137)
	at io.cucumber.testng.TestNGCucumberRunner.runScenario(TestNGCucumberRunner.java:129)
	at io.cucumber.testng.AbstractTestNGCucumberTests.runScenario(AbstractTestNGCucumberTests.java:35)
	at java.base/java.util.ArrayList.forEach(ArrayList.java:1596)
... Removed 25 stack frames</pre></div><a href='#' onClick='toggleBox("stack-trace1943609263", this, "Click to show all stack frames", "Click to hide stack frames")'>Click to show all stack frames</a>
<div class='stack-trace' id='stack-trace1943609263'><pre>io.cucumber.core.runner.DuplicateStepDefinitionException: Duplicate step definitions in stepDefinitions.accountSummary_TC6.ValidateAccountBalancesSteps_TC6.user_navigates_to_transfer_funds() and stepDefinitions.CommonSteps.user_navigates_to_transfer_funds_for_balance_validation()
	at io.cucumber.core.runner.CachingGlue.lambda$prepareGlue$3(CachingGlue.java:278)
	at java.base/java.util.ArrayList.forEach(ArrayList.java:1596)
	at io.cucumber.core.runner.CachingGlue.prepareGlue(CachingGlue.java:272)
	at io.cucumber.core.runner.Runner.runPickle(Runner.java:72)
	at io.cucumber.testng.TestNGCucumberRunner.lambda$runScenario$1(TestNGCucumberRunner.java:132)
	at io.cucumber.core.runtime.CucumberExecutionContext.lambda$runTestCase$5(CucumberExecutionContext.java:137)
	at io.cucumber.core.runtime.RethrowingThrowableCollector.executeAndThrow(RethrowingThrowableCollector.java:23)
	at io.cucumber.core.runtime.CucumberExecutionContext.runTestCase(CucumberExecutionContext.java:137)
	at io.cucumber.testng.TestNGCucumberRunner.runScenario(TestNGCucumberRunner.java:129)
	at io.cucumber.testng.AbstractTestNGCucumberTests.runScenario(AbstractTestNGCucumberTests.java:35)
	at java.base/jdk.internal.reflect.DirectMethodHandleAccessor.invoke(DirectMethodHandleAccessor.java:103)
	at java.base/java.lang.reflect.Method.invoke(Method.java:580)
	at org.testng.internal.MethodInvocationHelper.invokeMethod(MethodInvocationHelper.java:133)
	at org.testng.internal.TestInvoker.invokeMethod(TestInvoker.java:598)
	at org.testng.internal.TestInvoker.invokeTestMethod(TestInvoker.java:173)
	at org.testng.internal.MethodRunner.runInSequence(MethodRunner.java:46)
	at org.testng.internal.TestInvoker$MethodInvocationAgent.invoke(TestInvoker.java:824)
	at org.testng.internal.TestInvoker.invokeTestMethods(TestInvoker.java:146)
	at org.testng.internal.TestMethodWorker.invokeTestMethods(TestMethodWorker.java:146)
	at org.testng.internal.TestMethodWorker.run(TestMethodWorker.java:128)
	at java.base/java.util.ArrayList.forEach(ArrayList.java:1596)
	at org.testng.TestRunner.privateRun(TestRunner.java:794)
	at org.testng.TestRunner.run(TestRunner.java:596)
	at org.testng.SuiteRunner.runTest(SuiteRunner.java:377)
	at org.testng.SuiteRunner.runSequentially(SuiteRunner.java:371)
	at org.testng.SuiteRunner.privateRun(SuiteRunner.java:332)
	at org.testng.SuiteRunner.run(SuiteRunner.java:276)
	at org.testng.SuiteRunnerWorker.runSuite(SuiteRunnerWorker.java:53)
	at org.testng.SuiteRunnerWorker.run(SuiteRunnerWorker.java:96)
	at org.testng.TestNG.runSuitesSequentially(TestNG.java:1212)
	at org.testng.TestNG.runSuitesLocally(TestNG.java:1134)
	at org.testng.TestNG.runSuites(TestNG.java:1063)
	at org.testng.TestNG.run(TestNG.java:1031)
	at org.testng.remote.AbstractRemoteTestNG.run(AbstractRemoteTestNG.java:115)
	at org.testng.remote.RemoteTestNG.initAndRun(RemoteTestNG.java:293)
	at org.testng.remote.RemoteTestNG.main(RemoteTestNG.java:91)
</pre></div></td>
<td>0</td>
<td>runners.InvalidLoginRunner@1b66c0fb</td></tr>
<tr>
<td title='runners.EmptyLoginRunner.runScenario()'><b>runScenario</b><br>Test class: runners.EmptyLoginRunner<br>Test method: Runs Cucumber Scenarios<br>Parameters: "User tries to login without entering credentials", "Empty Login Fields"</td>
<td><div><pre>io.cucumber.core.runner.DuplicateStepDefinitionException: Duplicate step definitions in stepDefinitions.accountSummary_TC6.ValidateAccountBalancesSteps_TC6.user_navigates_to_transfer_funds() and stepDefinitions.CommonSteps.user_navigates_to_transfer_funds_for_balance_validation()
	at io.cucumber.core.runner.CachingGlue.lambda$prepareGlue$3(CachingGlue.java:278)
	at java.base/java.util.ArrayList.forEach(ArrayList.java:1596)
	at io.cucumber.core.runner.CachingGlue.prepareGlue(CachingGlue.java:272)
	at io.cucumber.core.runner.Runner.runPickle(Runner.java:72)
	at io.cucumber.testng.TestNGCucumberRunner.lambda$runScenario$1(TestNGCucumberRunner.java:132)
	at io.cucumber.core.runtime.CucumberExecutionContext.lambda$runTestCase$5(CucumberExecutionContext.java:137)
	at io.cucumber.core.runtime.RethrowingThrowableCollector.executeAndThrow(RethrowingThrowableCollector.java:23)
	at io.cucumber.core.runtime.CucumberExecutionContext.runTestCase(CucumberExecutionContext.java:137)
	at io.cucumber.testng.TestNGCucumberRunner.runScenario(TestNGCucumberRunner.java:129)
	at io.cucumber.testng.AbstractTestNGCucumberTests.runScenario(AbstractTestNGCucumberTests.java:35)
	at java.base/java.util.ArrayList.forEach(ArrayList.java:1596)
... Removed 25 stack frames</pre></div><a href='#' onClick='toggleBox("stack-trace1828884696", this, "Click to show all stack frames", "Click to hide stack frames")'>Click to show all stack frames</a>
<div class='stack-trace' id='stack-trace1828884696'><pre>io.cucumber.core.runner.DuplicateStepDefinitionException: Duplicate step definitions in stepDefinitions.accountSummary_TC6.ValidateAccountBalancesSteps_TC6.user_navigates_to_transfer_funds() and stepDefinitions.CommonSteps.user_navigates_to_transfer_funds_for_balance_validation()
	at io.cucumber.core.runner.CachingGlue.lambda$prepareGlue$3(CachingGlue.java:278)
	at java.base/java.util.ArrayList.forEach(ArrayList.java:1596)
	at io.cucumber.core.runner.CachingGlue.prepareGlue(CachingGlue.java:272)
	at io.cucumber.core.runner.Runner.runPickle(Runner.java:72)
	at io.cucumber.testng.TestNGCucumberRunner.lambda$runScenario$1(TestNGCucumberRunner.java:132)
	at io.cucumber.core.runtime.CucumberExecutionContext.lambda$runTestCase$5(CucumberExecutionContext.java:137)
	at io.cucumber.core.runtime.RethrowingThrowableCollector.executeAndThrow(RethrowingThrowableCollector.java:23)
	at io.cucumber.core.runtime.CucumberExecutionContext.runTestCase(CucumberExecutionContext.java:137)
	at io.cucumber.testng.TestNGCucumberRunner.runScenario(TestNGCucumberRunner.java:129)
	at io.cucumber.testng.AbstractTestNGCucumberTests.runScenario(AbstractTestNGCucumberTests.java:35)
	at java.base/jdk.internal.reflect.DirectMethodHandleAccessor.invoke(DirectMethodHandleAccessor.java:103)
	at java.base/java.lang.reflect.Method.invoke(Method.java:580)
	at org.testng.internal.MethodInvocationHelper.invokeMethod(MethodInvocationHelper.java:133)
	at org.testng.internal.TestInvoker.invokeMethod(TestInvoker.java:598)
	at org.testng.internal.TestInvoker.invokeTestMethod(TestInvoker.java:173)
	at org.testng.internal.MethodRunner.runInSequence(MethodRunner.java:46)
	at org.testng.internal.TestInvoker$MethodInvocationAgent.invoke(TestInvoker.java:824)
	at org.testng.internal.TestInvoker.invokeTestMethods(TestInvoker.java:146)
	at org.testng.internal.TestMethodWorker.invokeTestMethods(TestMethodWorker.java:146)
	at org.testng.internal.TestMethodWorker.run(TestMethodWorker.java:128)
	at java.base/java.util.ArrayList.forEach(ArrayList.java:1596)
	at org.testng.TestRunner.privateRun(TestRunner.java:794)
	at org.testng.TestRunner.run(TestRunner.java:596)
	at org.testng.SuiteRunner.runTest(SuiteRunner.java:377)
	at org.testng.SuiteRunner.runSequentially(SuiteRunner.java:371)
	at org.testng.SuiteRunner.privateRun(SuiteRunner.java:332)
	at org.testng.SuiteRunner.run(SuiteRunner.java:276)
	at org.testng.SuiteRunnerWorker.runSuite(SuiteRunnerWorker.java:53)
	at org.testng.SuiteRunnerWorker.run(SuiteRunnerWorker.java:96)
	at org.testng.TestNG.runSuitesSequentially(TestNG.java:1212)
	at org.testng.TestNG.runSuitesLocally(TestNG.java:1134)
	at org.testng.TestNG.runSuites(TestNG.java:1063)
	at org.testng.TestNG.run(TestNG.java:1031)
	at org.testng.remote.AbstractRemoteTestNG.run(AbstractRemoteTestNG.java:115)
	at org.testng.remote.RemoteTestNG.initAndRun(RemoteTestNG.java:293)
	at org.testng.remote.RemoteTestNG.main(RemoteTestNG.java:91)
</pre></div></td>
<td>0</td>
<td>runners.EmptyLoginRunner@12591ac8</td></tr>
<tr>
<td title='runners.LoginRunner.runScenario()'><b>runScenario</b><br>Test class: runners.LoginRunner<br>Test method: Runs Cucumber Scenarios<br>Parameters: "User logs in successfully", "Login to Zero Bank"</td>
<td><div><pre>io.cucumber.core.runner.DuplicateStepDefinitionException: Duplicate step definitions in stepDefinitions.accountSummary_TC6.ValidateAccountBalancesSteps_TC6.user_navigates_to_transfer_funds() and stepDefinitions.CommonSteps.user_navigates_to_transfer_funds_for_balance_validation()
	at io.cucumber.core.runner.CachingGlue.lambda$prepareGlue$3(CachingGlue.java:278)
	at java.base/java.util.ArrayList.forEach(ArrayList.java:1596)
	at io.cucumber.core.runner.CachingGlue.prepareGlue(CachingGlue.java:272)
	at io.cucumber.core.runner.Runner.runPickle(Runner.java:72)
	at io.cucumber.testng.TestNGCucumberRunner.lambda$runScenario$1(TestNGCucumberRunner.java:132)
	at io.cucumber.core.runtime.CucumberExecutionContext.lambda$runTestCase$5(CucumberExecutionContext.java:137)
	at io.cucumber.core.runtime.RethrowingThrowableCollector.executeAndThrow(RethrowingThrowableCollector.java:23)
	at io.cucumber.core.runtime.CucumberExecutionContext.runTestCase(CucumberExecutionContext.java:137)
	at io.cucumber.testng.TestNGCucumberRunner.runScenario(TestNGCucumberRunner.java:129)
	at io.cucumber.testng.AbstractTestNGCucumberTests.runScenario(AbstractTestNGCucumberTests.java:35)
	at java.base/java.util.ArrayList.forEach(ArrayList.java:1596)
... Removed 25 stack frames</pre></div><a href='#' onClick='toggleBox("stack-trace1647441786", this, "Click to show all stack frames", "Click to hide stack frames")'>Click to show all stack frames</a>
<div class='stack-trace' id='stack-trace1647441786'><pre>io.cucumber.core.runner.DuplicateStepDefinitionException: Duplicate step definitions in stepDefinitions.accountSummary_TC6.ValidateAccountBalancesSteps_TC6.user_navigates_to_transfer_funds() and stepDefinitions.CommonSteps.user_navigates_to_transfer_funds_for_balance_validation()
	at io.cucumber.core.runner.CachingGlue.lambda$prepareGlue$3(CachingGlue.java:278)
	at java.base/java.util.ArrayList.forEach(ArrayList.java:1596)
	at io.cucumber.core.runner.CachingGlue.prepareGlue(CachingGlue.java:272)
	at io.cucumber.core.runner.Runner.runPickle(Runner.java:72)
	at io.cucumber.testng.TestNGCucumberRunner.lambda$runScenario$1(TestNGCucumberRunner.java:132)
	at io.cucumber.core.runtime.CucumberExecutionContext.lambda$runTestCase$5(CucumberExecutionContext.java:137)
	at io.cucumber.core.runtime.RethrowingThrowableCollector.executeAndThrow(RethrowingThrowableCollector.java:23)
	at io.cucumber.core.runtime.CucumberExecutionContext.runTestCase(CucumberExecutionContext.java:137)
	at io.cucumber.testng.TestNGCucumberRunner.runScenario(TestNGCucumberRunner.java:129)
	at io.cucumber.testng.AbstractTestNGCucumberTests.runScenario(AbstractTestNGCucumberTests.java:35)
	at java.base/jdk.internal.reflect.DirectMethodHandleAccessor.invoke(DirectMethodHandleAccessor.java:103)
	at java.base/java.lang.reflect.Method.invoke(Method.java:580)
	at org.testng.internal.MethodInvocationHelper.invokeMethod(MethodInvocationHelper.java:133)
	at org.testng.internal.TestInvoker.invokeMethod(TestInvoker.java:598)
	at org.testng.internal.TestInvoker.invokeTestMethod(TestInvoker.java:173)
	at org.testng.internal.MethodRunner.runInSequence(MethodRunner.java:46)
	at org.testng.internal.TestInvoker$MethodInvocationAgent.invoke(TestInvoker.java:824)
	at org.testng.internal.TestInvoker.invokeTestMethods(TestInvoker.java:146)
	at org.testng.internal.TestMethodWorker.invokeTestMethods(TestMethodWorker.java:146)
	at org.testng.internal.TestMethodWorker.run(TestMethodWorker.java:128)
	at java.base/java.util.ArrayList.forEach(ArrayList.java:1596)
	at org.testng.TestRunner.privateRun(TestRunner.java:794)
	at org.testng.TestRunner.run(TestRunner.java:596)
	at org.testng.SuiteRunner.runTest(SuiteRunner.java:377)
	at org.testng.SuiteRunner.runSequentially(SuiteRunner.java:371)
	at org.testng.SuiteRunner.privateRun(SuiteRunner.java:332)
	at org.testng.SuiteRunner.run(SuiteRunner.java:276)
	at org.testng.SuiteRunnerWorker.runSuite(SuiteRunnerWorker.java:53)
	at org.testng.SuiteRunnerWorker.run(SuiteRunnerWorker.java:96)
	at org.testng.TestNG.runSuitesSequentially(TestNG.java:1212)
	at org.testng.TestNG.runSuitesLocally(TestNG.java:1134)
	at org.testng.TestNG.runSuites(TestNG.java:1063)
	at org.testng.TestNG.run(TestNG.java:1031)
	at org.testng.remote.AbstractRemoteTestNG.run(AbstractRemoteTestNG.java:115)
	at org.testng.remote.RemoteTestNG.initAndRun(RemoteTestNG.java:293)
	at org.testng.remote.RemoteTestNG.main(RemoteTestNG.java:91)
</pre></div></td>
<td>0</td>
<td>runners.LoginRunner@3e0e1046</td></tr>
</table><p>
<table width='100%' border='1' class='invocation-passed'>
<tr><td colspan='4' align='center'><b>PASSED TESTS</b></td></tr>
<tr><td><b>Test method</b></td>
<td width="30%"><b>Exception</b></td>
<td width="10%"><b>Time (seconds)</b></td>
<td><b>Instance</b></td>
</tr>
<tr>
<td title='runners.ValidateAccountTypesRunner_TC5.runScenario()'><b>runScenario</b><br>Test class: runners.ValidateAccountTypesRunner_TC5<br>Test method: Runs Cucumber Scenarios<br>Parameters: "Validate that all expected account types are displayed", "Validate Account Types for Test Case 5"</td>
<td></td>
<td>16</td>
<td>runners.ValidateAccountTypesRunner_TC5@798162bc</td></tr>
<tr>
<td title='runners.AddNewPayeeRunner_TC12.runScenario()'><b>runScenario</b><br>Test class: runners.AddNewPayeeRunner_TC12<br>Test method: Runs Cucumber Scenarios<br>Parameters: "Validate adding a new payee successfully", "Add a New Payee"</td>
<td></td>
<td>17</td>
<td>runners.AddNewPayeeRunner_TC12@d2de489</td></tr>
<tr>
<td title='runners.BillPaymentRunner_TC9.runScenario()'><b>runScenario</b><br>Test class: runners.BillPaymentRunner_TC9<br>Test method: Runs Cucumber Scenarios<br>Parameters: "Validate Bill Payment with a Valid Amount and Date", "Bill Payment"</td>
<td></td>
<td>17</td>
<td>runners.BillPaymentRunner_TC9@14bdbc74</td></tr>
<tr>
<td title='runners.TestRunner_TC16.runScenario()'><b>runScenario</b><br>Test class: runners.TestRunner_TC16<br>Test method: Runs Cucumber Scenarios<br>Parameters: "Validate that user session expires after logout", "Verify Session Expiry After Logout"</td>
<td></td>
<td>13</td>
<td>runners.TestRunner_TC16@37313c65</td></tr>
<tr>
<td title='runners.FundTransferInsufficientBalanceRunner_TC7.runScenario()'><b>runScenario</b><br>Test class: runners.FundTransferInsufficientBalanceRunner_TC7<br>Test method: Runs Cucumber Scenarios<br>Parameters: "Validate Fund Transfer when balance is insufficient", "Fund Transfer with Insufficient Balance"</td>
<td></td>
<td>32</td>
<td>runners.FundTransferInsufficientBalanceRunner_TC7@38145825</td></tr>
<tr>
<td title='runners.TestRunner_TC14.runScenario()'><b>runScenario</b><br>Test class: runners.TestRunner_TC14<br>Test method: Runs Cucumber Scenarios<br>Parameters: "Validate user can view an online bank statement", "View Online Statements"</td>
<td></td>
<td>16</td>
<td>runners.TestRunner_TC14@1e4f4a5c</td></tr>
<tr>
<td title='runners.TestRunner_15.runScenario()'><b>runScenario</b><br>Test class: runners.TestRunner_15<br>Test method: Runs Cucumber Scenarios<br>Parameters: "Validate successful logout from Zero Bank", "Logout Functionality"</td>
<td></td>
<td>12</td>
<td>runners.TestRunner_15@7dc19a70</td></tr>
<tr>
<td title='runners.FundTransferFuturePaymentRunner_TC10.runScenario()'><b>runScenario</b><br>Test class: runners.FundTransferFuturePaymentRunner_TC10<br>Test method: Runs Cucumber Scenarios<br>Parameters: "Validate scheduling a future bill payment", "Schedule a Bill Payment for a Future Date"</td>
<td></td>
<td>20</td>
<td>runners.FundTransferFuturePaymentRunner_TC10@5a7fe64f</td></tr>
<tr>
<td title='runners.PayBillsEmptyAmountRunner_TC11.runScenario()'><b>runScenario</b><br>Test class: runners.PayBillsEmptyAmountRunner_TC11<br>Test method: Runs Cucumber Scenarios<br>Parameters: "Validate error when amount is empty while paying bills", "Pay Bills Without Entering Amount"</td>
<td></td>
<td>16</td>
<td>runners.PayBillsEmptyAmountRunner_TC11@24c1b2d2</td></tr>
<tr>
<td title='runners.TestRunner_TC13.runScenario()'><b>runScenario</b><br>Test class: runners.TestRunner_TC13<br>Test method: Runs Cucumber Scenarios<br>Parameters: "Validate error message when adding a payee with missing details", "Add a New Payee with Missing Details"</td>
<td></td>
<td>32</td>
<td>runners.TestRunner_TC13@508dec2b</td></tr>
<tr>
<td title='runners.FundTransferNegativeAmountRunner_TC8.runScenario()'><b>runScenario</b><br>Test class: runners.FundTransferNegativeAmountRunner_TC8<br>Test method: Runs Cucumber Scenarios<br>Parameters: "Validate Fund Transfer when negative amount is entered", "Fund Transfer with Negative Amount"</td>
<td></td>
<td>30</td>
<td>runners.FundTransferNegativeAmountRunner_TC8@41330d4f</td></tr>
<tr>
<td title='runners.AccountSummaryRunner_TC4.runScenario()'><b>runScenario</b><br>Test class: runners.AccountSummaryRunner_TC4<br>Test method: Runs Cucumber Scenarios<br>Parameters: "Account Summary Page Loads Correctly for TC4", "Account Summary Page for Test Case 4"</td>
<td></td>
<td>21</td>
<td>runners.AccountSummaryRunner_TC4@2d0399f4</td></tr>
<tr>
<td title='runners.ValidateAccountBalancesRunner_TC6.runScenario()'><b>runScenario</b><br>Test class: runners.ValidateAccountBalancesRunner_TC6<br>Test method: Runs Cucumber Scenarios<br>Parameters: "Validate Transfer Funds between accounts", "Validate Account Balances"</td>
<td></td>
<td>15</td>
<td>runners.ValidateAccountBalancesRunner_TC6@465232e9</td></tr>
</table><p>
</body>
</html>